<?xml version="1.0" encoding="utf-8"?>
<shfbBuild product="Sandcastle Help File Builder" version="2014.5.31.0" projectFile="Z:\PDN\library---learningstudio-sis-in-c-sharp\Documentation\AutoDocs\LearningStudio-SIS-CSharp-Documentation.shfbproj" started="6/30/2015 9:43:25 AM">
<buildStep step="Initializing">
Finding tools...
The Sandcastle tools are located in &#39;C:\Program Files (x86)\EWSoftware\Sandcastle Help File Builder\&#39;
Locating components in the following folder(s):
   Z:\PDN\library---learningstudio-sis-in-c-sharp\Documentation\AutoDocs
Using presentation style &#39;VS2013&#39; located in &#39;C:\Program Files (x86)\EWSoftware\Sandcastle Help File Builder\PresentationStyles\VS2013&#39;
Loading and initializing plug-ins...
Lightweight Website Style Version 2014.5.31.0
Copyright &#169; 2006-2014, Eric Woodruff, All Rights Reserved
Portions Copyright &#169; 2014, Sam Harwell, All Rights Reserved
</buildStep>
<buildStep step="ValidatingDocumentationSources">
Validating and copying documentation source information
Source: Z:\PDN\library---learningstudio-sis-in-c-sharp\src\SIS.Courses\Com.Pearson.Pdn.Learningstudio.SIS.Courses.csproj
    Found project &#39;Z:\PDN\library---learningstudio-sis-in-c-sharp\src\SIS.Courses\Com.Pearson.Pdn.Learningstudio.SIS.Courses.csproj&#39;
Source: Z:\PDN\library---learningstudio-sis-in-c-sharp\src\SIS.Terms\Com.Pearson.Pdn.Learningstudio.SIS.Terms.csproj
    Found project &#39;Z:\PDN\library---learningstudio-sis-in-c-sharp\src\SIS.Terms\Com.Pearson.Pdn.Learningstudio.SIS.Terms.csproj&#39;
Source: Z:\PDN\library---learningstudio-sis-in-c-sharp\src\SIS.Users\Com.Pearson.Pdn.Learningstudio.SIS.Users.csproj
    Found project &#39;Z:\PDN\library---learningstudio-sis-in-c-sharp\src\SIS.Users\Com.Pearson.Pdn.Learningstudio.SIS.Users.csproj&#39;
Source: Z:\PDN\library---learningstudio-sis-in-c-sharp\src\SIS.Utility\Com.Pearson.Pdn.Learningstudio.SIS.Utility.csproj
    Found project &#39;Z:\PDN\library---learningstudio-sis-in-c-sharp\src\SIS.Utility\Com.Pearson.Pdn.Learningstudio.SIS.Utility.csproj&#39;

Parsing project files
    Found assembly &#39;Z:\PDN\library---learningstudio-sis-in-c-sharp\src\SIS.Courses\bin\Debug\Com.Pearson.Pdn.Learningstudio.SIS.Courses.dll&#39;
    Found assembly &#39;Z:\PDN\library---learningstudio-sis-in-c-sharp\src\SIS.Terms\bin\Debug\Com.Pearson.Pdn.Learningstudio.SIS.Terms.dll&#39;
    Found assembly &#39;Z:\PDN\library---learningstudio-sis-in-c-sharp\src\SIS.Users\bin\Debug\Com.Pearson.Pdn.Learningstudio.SIS.Users.dll&#39;
    Found assembly &#39;Z:\PDN\library---learningstudio-sis-in-c-sharp\src\SIS.Utility\bin\Debug\Com.Pearson.Pdn.Learningstudio.SIS.Utility.dll&#39;

References to include (excluding framework assemblies):
    log4net

Copying XML comments files
    Z:\PDN\library---learningstudio-sis-in-c-sharp\src\SIS.Courses\bin\Debug\Com.Pearson.Pdn.Learningstudio.SIS.Courses.XML -&gt; Z:\PDN\library---learningstudio-sis-in-c-sharp\Documentation\AutoDocs\Help\Working\Com.Pearson.Pdn.Learningstudio.SIS.Courses.XML
    Z:\PDN\library---learningstudio-sis-in-c-sharp\src\SIS.Terms\bin\Debug\Com.Pearson.Pdn.Learningstudio.SIS.Terms.XML -&gt; Z:\PDN\library---learningstudio-sis-in-c-sharp\Documentation\AutoDocs\Help\Working\Com.Pearson.Pdn.Learningstudio.SIS.Terms.XML
    Z:\PDN\library---learningstudio-sis-in-c-sharp\src\SIS.Users\bin\Debug\Com.Pearson.Pdn.Learningstudio.SIS.Users.XML -&gt; Z:\PDN\library---learningstudio-sis-in-c-sharp\Documentation\AutoDocs\Help\Working\Com.Pearson.Pdn.Learningstudio.SIS.Users.XML
    Z:\PDN\library---learningstudio-sis-in-c-sharp\src\SIS.Utility\bin\Debug\Com.Pearson.Pdn.Learningstudio.SIS.Utility.XML -&gt; Z:\PDN\library---learningstudio-sis-in-c-sharp\Documentation\AutoDocs\Help\Working\Com.Pearson.Pdn.Learningstudio.SIS.Utility.XML
</buildStep>
<buildStep step="GenerateSharedContent">
Generating shared content files (en-US, English (United States))...
<plugIn name="Lightweight Website Style" behavior="After" priority="1000">
</plugIn>    Last step completed in 00:00:00.2340
</buildStep>
<buildStep step="GenerateApiFilter">
Generating API filter for MRefBuilder...
    Last step completed in 00:00:00.0156
</buildStep>
<buildStep step="GenerateReflectionInfo">
Generating reflection information...
[C:\Windows\Microsoft.NET\Framework64\v4.0.30319\MSBuild.exe]
Build started 6/30/2015 9:43:32 AM.
Project &quot;Z:\PDN\library---learningstudio-sis-in-c-sharp\Documentation\AutoDocs\Help\Working\GenerateRefInfo.proj&quot; on node 1 (default targets).
PrepareForBuild:
  Creating directory &quot;obj\Debug\&quot;.
GenerateRefInfo:
  MRefBuilder (v2014.5.31.0)
  Copyright c 2006-2014, Microsoft Corporation, All Rights Reserved.
  Portions Copyright c 2006-2014, Eric Woodruff, All Rights Reserved.
  Loaded 4 assemblies for reflection and 2 dependency assemblies.
  Wrote information on 11 namespaces, 101 types, and 746 members
  Copying file from &quot;reflection.org&quot; to &quot;reflection.all&quot;.
  XslTransform (v2014.5.31.0)
  Copyright c 2006-2014, Microsoft Corporation, All Rights Reserved.
  Portions Copyright c 2006-2014, Eric Woodruff, All Rights Reserved.
  Applying XSL transformation &#39;C:\Program Files (x86)\EWSoftware\Sandcastle Help File Builder\ProductionTransforms\MergeDuplicates.xsl&#39;.
Done Building Project &quot;Z:\PDN\library---learningstudio-sis-in-c-sharp\Documentation\AutoDocs\Help\Working\GenerateRefInfo.proj&quot; (default targets).

Build succeeded.

Time Elapsed 00:00:04.64
    Last step completed in 00:00:06.9888
</buildStep>
<buildStep step="TransformReflectionInfo">
Transforming reflection output...
[C:\Windows\Microsoft.NET\Framework64\v4.0.30319\MSBuild.exe]
Build started 6/30/2015 9:43:38 AM.
Project &quot;Z:\PDN\library---learningstudio-sis-in-c-sharp\Documentation\AutoDocs\Help\Working\TransformManifest.proj&quot; on node 1 (default targets).
TransformManifest:
  XslTransform (v2014.5.31.0)
  Copyright c 2006-2014, Microsoft Corporation, All Rights Reserved.
  Portions Copyright c 2006-2014, Eric Woodruff, All Rights Reserved.
  Applying XSL transformation &#39;C:\Program Files (x86)\EWSoftware\Sandcastle Help File Builder\\ProductionTransforms\ApplyVSDocModel.xsl&#39;.
  Copying file from &quot;reflection.xml&quot; to &quot;reflection.nofilenames&quot;.
  XslTransform (v2014.5.31.0)
  Copyright c 2006-2014, Microsoft Corporation, All Rights Reserved.
  Portions Copyright c 2006-2014, Eric Woodruff, All Rights Reserved.
  Applying XSL transformation &#39;C:\Program Files (x86)\EWSoftware\Sandcastle Help File Builder\ProductionTransforms\AddFilenames.xsl&#39;.
  XslTransform (v2014.5.31.0)
  Copyright c 2006-2014, Microsoft Corporation, All Rights Reserved.
  Portions Copyright c 2006-2014, Eric Woodruff, All Rights Reserved.
  Applying XSL transformation &#39;C:\Program Files (x86)\EWSoftware\Sandcastle Help File Builder\ProductionTransforms\ReflectionToManifest.xsl&#39;.
Done Building Project &quot;Z:\PDN\library---learningstudio-sis-in-c-sharp\Documentation\AutoDocs\Help\Working\TransformManifest.proj&quot; (default targets).

Build succeeded.

Time Elapsed 00:00:04.05
    Last step completed in 00:00:05.4756
</buildStep>
<buildStep step="GenerateNamespaceSummaries">
Generating namespace summary information...
    Last step completed in 00:00:00.1248
</buildStep>
<buildStep step="CopyAdditionalContent">
Copying additional content files...
No additional content to copy
    Last step completed in 00:00:00.0156
</buildStep>
<buildStep step="MergeTablesOfContents">
Merging conceptual and additional tables of contents...
    Last step completed in 00:00:00.0156
</buildStep>
<buildStep step="GenerateIntermediateTableOfContents">
Generating intermediate table of contents file...
[C:\Windows\Microsoft.NET\Framework64\v4.0.30319\MSBuild.exe]
Build started 6/30/2015 9:43:44 AM.
Project &quot;Z:\PDN\library---learningstudio-sis-in-c-sharp\Documentation\AutoDocs\Help\Working\GenerateIntermediateTOC.proj&quot; on node 1 (default targets).
GenerateIntermediateTOC:
  XslTransform (v2014.5.31.0)
  Copyright c 2006-2014, Microsoft Corporation, All Rights Reserved.
  Portions Copyright c 2006-2014, Eric Woodruff, All Rights Reserved.
  Applying XSL transformation &#39;C:\Program Files (x86)\EWSoftware\Sandcastle Help File Builder\\ProductionTransforms\CreateVSToc.xsl&#39;.
Done Building Project &quot;Z:\PDN\library---learningstudio-sis-in-c-sharp\Documentation\AutoDocs\Help\Working\GenerateIntermediateTOC.proj&quot; (default targets).

Build succeeded.

Time Elapsed 00:00:01.40
Generating conceptual content intermediate TOC file...
    Last step completed in 00:00:02.7768
</buildStep>
<buildStep step="CreateBuildAssemblerConfigs">
Creating Sandcastle configuration files...
    sandcastle.config
    Last step completed in 00:00:00.5148
</buildStep>
<buildStep step="MergeCustomConfigs">
Merging custom build component configurations
Z:\PDN\library---learningstudio-sis-in-c-sharp\Documentation\AutoDocs\Help\Working\sandcastle.config
    Last step completed in 00:00:00.0624
</buildStep>
<buildStep step="BuildReferenceTopics">
Building reference help topics...
[C:\Windows\Microsoft.NET\Framework64\v4.0.30319\MSBuild.exe]
Build started 6/30/2015 9:43:47 AM.
Project &quot;Z:\PDN\library---learningstudio-sis-in-c-sharp\Documentation\AutoDocs\Help\Working\BuildReferenceTopics.proj&quot; on node 1 (default targets).
BuildReferenceTopics:
  BuildAssembler (v2014.5.31.0)
  Copyright c 2006-2014, Microsoft Corporation, All Rights Reserved.
  Portions Copyright c 2006-2014, Eric Woodruff, All Rights Reserved.
  Loading configuration...
  Processing topics...
BuildAssembler : warning : ResolveReferenceLinksComponent: [M:Com.Pearson.Pdn.Learningstudio.SIS.Courses.CourseService.RemoveCourseCallNumbers(Com.Pearson.Pdn.Learningstudio.SIS.Courses.Request.RemoveCourseCallNumbersRequest)] Unknown reference link target &#39;!:RevmoveCourseCallNumbersRequest&#39;. [Z:\PDN\library---learningstudio-sis-in-c-sharp\Documentation\AutoDocs\Help\Working\BuildReferenceTopics.proj]
  Processed 972 topic(s)
  1 warning(s)
  CopyFromIndexComponent: &quot;reflection&quot; in-memory cache entries used: 12 of 15.
  CopyFromIndexComponent: &quot;comments&quot; in-memory cache entries used: 5 of 30.
Done Building Project &quot;Z:\PDN\library---learningstudio-sis-in-c-sharp\Documentation\AutoDocs\Help\Working\BuildReferenceTopics.proj&quot; (default targets).

Build succeeded.

Time Elapsed 00:00:36.06
    Last step completed in 00:00:37.8300
</buildStep>
<buildStep step="CombiningIntermediateTocFiles">
Combining conceptual and API intermediate TOC files...

Clearing any prior web output
    Ignoring read-only/hidden file Z:\PDN\library---learningstudio-sis-in-c-sharp\Documentation\AutoDocs\Help\.DS_Store
    Last step completed in 00:00:00.0000
</buildStep>
<buildStep step="ExtractingHtmlInfo">
Extracting HTML info for HTML Help 1 and/or website...
[C:\Windows\Microsoft.NET\Framework64\v4.0.30319\MSBuild.exe]
Sandcastle Help File Builder, version 2014.5.31.0
Copyright c 2006-2014, Eric Woodruff, All Rights Reserved
E-Mail: Eric@EWoodruff.us

Using LCID &#39;1033&#39;, code page &#39;65001&#39;, encoding charset &#39;UTF-8&#39;.

Processing website files in Z:\PDN\library---learningstudio-sis-in-c-sharp\Documentation\AutoDocs\Help\Working\Output\Website
Processed 972 HTML files
Sorting keywords and generating See Also indices
Saving website keyword index to Z:\PDN\library---learningstudio-sis-in-c-sharp\Documentation\AutoDocs\Help\Working\WebKI.xml
Saving website table of contents to Z:\PDN\library---learningstudio-sis-in-c-sharp\Documentation\AutoDocs\Help\Working\WebTOC.xml
    Last step completed in 00:00:06.8952
</buildStep>
<buildStep step="CopyStandardHelpContent">
Copying standard help content...
C:\Program Files (x86)\EWSoftware\Sandcastle Help File Builder\PresentationStyles\VS2013\icons\AlertCaution.png -&gt; Z:\PDN\library---learningstudio-sis-in-c-sharp\Documentation\AutoDocs\Help\Working\Output\Website\icons\AlertCaution.png
C:\Program Files (x86)\EWSoftware\Sandcastle Help File Builder\PresentationStyles\VS2013\icons\AlertNote.png -&gt; Z:\PDN\library---learningstudio-sis-in-c-sharp\Documentation\AutoDocs\Help\Working\Output\Website\icons\AlertNote.png
C:\Program Files (x86)\EWSoftware\Sandcastle Help File Builder\PresentationStyles\VS2013\icons\AlertSecurity.png -&gt; Z:\PDN\library---learningstudio-sis-in-c-sharp\Documentation\AutoDocs\Help\Working\Output\Website\icons\AlertSecurity.png
C:\Program Files (x86)\EWSoftware\Sandcastle Help File Builder\PresentationStyles\VS2013\icons\CFW.gif -&gt; Z:\PDN\library---learningstudio-sis-in-c-sharp\Documentation\AutoDocs\Help\Working\Output\Website\icons\CFW.gif
C:\Program Files (x86)\EWSoftware\Sandcastle Help File Builder\PresentationStyles\VS2013\icons\CodeExample.png -&gt; Z:\PDN\library---learningstudio-sis-in-c-sharp\Documentation\AutoDocs\Help\Working\Output\Website\icons\CodeExample.png
C:\Program Files (x86)\EWSoftware\Sandcastle Help File Builder\PresentationStyles\VS2013\icons\favicon.ico -&gt; Z:\PDN\library---learningstudio-sis-in-c-sharp\Documentation\AutoDocs\Help\Working\Output\Website\icons\favicon.ico
C:\Program Files (x86)\EWSoftware\Sandcastle Help File Builder\PresentationStyles\VS2013\icons\privclass.gif -&gt; Z:\PDN\library---learningstudio-sis-in-c-sharp\Documentation\AutoDocs\Help\Working\Output\Website\icons\privclass.gif
C:\Program Files (x86)\EWSoftware\Sandcastle Help File Builder\PresentationStyles\VS2013\icons\privdelegate.gif -&gt; Z:\PDN\library---learningstudio-sis-in-c-sharp\Documentation\AutoDocs\Help\Working\Output\Website\icons\privdelegate.gif
C:\Program Files (x86)\EWSoftware\Sandcastle Help File Builder\PresentationStyles\VS2013\icons\privenumeration.gif -&gt; Z:\PDN\library---learningstudio-sis-in-c-sharp\Documentation\AutoDocs\Help\Working\Output\Website\icons\privenumeration.gif
C:\Program Files (x86)\EWSoftware\Sandcastle Help File Builder\PresentationStyles\VS2013\icons\privevent.gif -&gt; Z:\PDN\library---learningstudio-sis-in-c-sharp\Documentation\AutoDocs\Help\Working\Output\Website\icons\privevent.gif
C:\Program Files (x86)\EWSoftware\Sandcastle Help File Builder\PresentationStyles\VS2013\icons\privextension.gif -&gt; Z:\PDN\library---learningstudio-sis-in-c-sharp\Documentation\AutoDocs\Help\Working\Output\Website\icons\privextension.gif
C:\Program Files (x86)\EWSoftware\Sandcastle Help File Builder\PresentationStyles\VS2013\icons\privfield.gif -&gt; Z:\PDN\library---learningstudio-sis-in-c-sharp\Documentation\AutoDocs\Help\Working\Output\Website\icons\privfield.gif
C:\Program Files (x86)\EWSoftware\Sandcastle Help File Builder\PresentationStyles\VS2013\icons\privinterface.gif -&gt; Z:\PDN\library---learningstudio-sis-in-c-sharp\Documentation\AutoDocs\Help\Working\Output\Website\icons\privinterface.gif
C:\Program Files (x86)\EWSoftware\Sandcastle Help File Builder\PresentationStyles\VS2013\icons\privmethod.gif -&gt; Z:\PDN\library---learningstudio-sis-in-c-sharp\Documentation\AutoDocs\Help\Working\Output\Website\icons\privmethod.gif
C:\Program Files (x86)\EWSoftware\Sandcastle Help File Builder\PresentationStyles\VS2013\icons\privproperty.gif -&gt; Z:\PDN\library---learningstudio-sis-in-c-sharp\Documentation\AutoDocs\Help\Working\Output\Website\icons\privproperty.gif
C:\Program Files (x86)\EWSoftware\Sandcastle Help File Builder\PresentationStyles\VS2013\icons\privstructure.gif -&gt; Z:\PDN\library---learningstudio-sis-in-c-sharp\Documentation\AutoDocs\Help\Working\Output\Website\icons\privstructure.gif
C:\Program Files (x86)\EWSoftware\Sandcastle Help File Builder\PresentationStyles\VS2013\icons\protclass.gif -&gt; Z:\PDN\library---learningstudio-sis-in-c-sharp\Documentation\AutoDocs\Help\Working\Output\Website\icons\protclass.gif
C:\Program Files (x86)\EWSoftware\Sandcastle Help File Builder\PresentationStyles\VS2013\icons\protdelegate.gif -&gt; Z:\PDN\library---learningstudio-sis-in-c-sharp\Documentation\AutoDocs\Help\Working\Output\Website\icons\protdelegate.gif
C:\Program Files (x86)\EWSoftware\Sandcastle Help File Builder\PresentationStyles\VS2013\icons\protenumeration.gif -&gt; Z:\PDN\library---learningstudio-sis-in-c-sharp\Documentation\AutoDocs\Help\Working\Output\Website\icons\protenumeration.gif
C:\Program Files (x86)\EWSoftware\Sandcastle Help File Builder\PresentationStyles\VS2013\icons\protevent.gif -&gt; Z:\PDN\library---learningstudio-sis-in-c-sharp\Documentation\AutoDocs\Help\Working\Output\Website\icons\protevent.gif
C:\Program Files (x86)\EWSoftware\Sandcastle Help File Builder\PresentationStyles\VS2013\icons\protextension.gif -&gt; Z:\PDN\library---learningstudio-sis-in-c-sharp\Documentation\AutoDocs\Help\Working\Output\Website\icons\protextension.gif
C:\Program Files (x86)\EWSoftware\Sandcastle Help File Builder\PresentationStyles\VS2013\icons\protfield.gif -&gt; Z:\PDN\library---learningstudio-sis-in-c-sharp\Documentation\AutoDocs\Help\Working\Output\Website\icons\protfield.gif
C:\Program Files (x86)\EWSoftware\Sandcastle Help File Builder\PresentationStyles\VS2013\icons\protinterface.gif -&gt; Z:\PDN\library---learningstudio-sis-in-c-sharp\Documentation\AutoDocs\Help\Working\Output\Website\icons\protinterface.gif
C:\Program Files (x86)\EWSoftware\Sandcastle Help File Builder\PresentationStyles\VS2013\icons\protmethod.gif -&gt; Z:\PDN\library---learningstudio-sis-in-c-sharp\Documentation\AutoDocs\Help\Working\Output\Website\icons\protmethod.gif
C:\Program Files (x86)\EWSoftware\Sandcastle Help File Builder\PresentationStyles\VS2013\icons\protoperator.gif -&gt; Z:\PDN\library---learningstudio-sis-in-c-sharp\Documentation\AutoDocs\Help\Working\Output\Website\icons\protoperator.gif
C:\Program Files (x86)\EWSoftware\Sandcastle Help File Builder\PresentationStyles\VS2013\icons\protproperty.gif -&gt; Z:\PDN\library---learningstudio-sis-in-c-sharp\Documentation\AutoDocs\Help\Working\Output\Website\icons\protproperty.gif
C:\Program Files (x86)\EWSoftware\Sandcastle Help File Builder\PresentationStyles\VS2013\icons\protstructure.gif -&gt; Z:\PDN\library---learningstudio-sis-in-c-sharp\Documentation\AutoDocs\Help\Working\Output\Website\icons\protstructure.gif
C:\Program Files (x86)\EWSoftware\Sandcastle Help File Builder\PresentationStyles\VS2013\icons\pubclass.gif -&gt; Z:\PDN\library---learningstudio-sis-in-c-sharp\Documentation\AutoDocs\Help\Working\Output\Website\icons\pubclass.gif
C:\Program Files (x86)\EWSoftware\Sandcastle Help File Builder\PresentationStyles\VS2013\icons\pubdelegate.gif -&gt; Z:\PDN\library---learningstudio-sis-in-c-sharp\Documentation\AutoDocs\Help\Working\Output\Website\icons\pubdelegate.gif
C:\Program Files (x86)\EWSoftware\Sandcastle Help File Builder\PresentationStyles\VS2013\icons\pubenumeration.gif -&gt; Z:\PDN\library---learningstudio-sis-in-c-sharp\Documentation\AutoDocs\Help\Working\Output\Website\icons\pubenumeration.gif
C:\Program Files (x86)\EWSoftware\Sandcastle Help File Builder\PresentationStyles\VS2013\icons\pubevent.gif -&gt; Z:\PDN\library---learningstudio-sis-in-c-sharp\Documentation\AutoDocs\Help\Working\Output\Website\icons\pubevent.gif
C:\Program Files (x86)\EWSoftware\Sandcastle Help File Builder\PresentationStyles\VS2013\icons\pubextension.gif -&gt; Z:\PDN\library---learningstudio-sis-in-c-sharp\Documentation\AutoDocs\Help\Working\Output\Website\icons\pubextension.gif
C:\Program Files (x86)\EWSoftware\Sandcastle Help File Builder\PresentationStyles\VS2013\icons\pubfield.gif -&gt; Z:\PDN\library---learningstudio-sis-in-c-sharp\Documentation\AutoDocs\Help\Working\Output\Website\icons\pubfield.gif
C:\Program Files (x86)\EWSoftware\Sandcastle Help File Builder\PresentationStyles\VS2013\icons\pubinterface.gif -&gt; Z:\PDN\library---learningstudio-sis-in-c-sharp\Documentation\AutoDocs\Help\Working\Output\Website\icons\pubinterface.gif
C:\Program Files (x86)\EWSoftware\Sandcastle Help File Builder\PresentationStyles\VS2013\icons\pubmethod.gif -&gt; Z:\PDN\library---learningstudio-sis-in-c-sharp\Documentation\AutoDocs\Help\Working\Output\Website\icons\pubmethod.gif
C:\Program Files (x86)\EWSoftware\Sandcastle Help File Builder\PresentationStyles\VS2013\icons\puboperator.gif -&gt; Z:\PDN\library---learningstudio-sis-in-c-sharp\Documentation\AutoDocs\Help\Working\Output\Website\icons\puboperator.gif
C:\Program Files (x86)\EWSoftware\Sandcastle Help File Builder\PresentationStyles\VS2013\icons\pubproperty.gif -&gt; Z:\PDN\library---learningstudio-sis-in-c-sharp\Documentation\AutoDocs\Help\Working\Output\Website\icons\pubproperty.gif
C:\Program Files (x86)\EWSoftware\Sandcastle Help File Builder\PresentationStyles\VS2013\icons\pubstructure.gif -&gt; Z:\PDN\library---learningstudio-sis-in-c-sharp\Documentation\AutoDocs\Help\Working\Output\Website\icons\pubstructure.gif
C:\Program Files (x86)\EWSoftware\Sandcastle Help File Builder\PresentationStyles\VS2013\icons\SectionCollapsed.png -&gt; Z:\PDN\library---learningstudio-sis-in-c-sharp\Documentation\AutoDocs\Help\Working\Output\Website\icons\SectionCollapsed.png
C:\Program Files (x86)\EWSoftware\Sandcastle Help File Builder\PresentationStyles\VS2013\icons\SectionExpanded.png -&gt; Z:\PDN\library---learningstudio-sis-in-c-sharp\Documentation\AutoDocs\Help\Working\Output\Website\icons\SectionExpanded.png
C:\Program Files (x86)\EWSoftware\Sandcastle Help File Builder\PresentationStyles\VS2013\icons\slMobile.gif -&gt; Z:\PDN\library---learningstudio-sis-in-c-sharp\Documentation\AutoDocs\Help\Working\Output\Website\icons\slMobile.gif
C:\Program Files (x86)\EWSoftware\Sandcastle Help File Builder\PresentationStyles\VS2013\icons\static.gif -&gt; Z:\PDN\library---learningstudio-sis-in-c-sharp\Documentation\AutoDocs\Help\Working\Output\Website\icons\static.gif
C:\Program Files (x86)\EWSoftware\Sandcastle Help File Builder\PresentationStyles\VS2013\icons\xna.gif -&gt; Z:\PDN\library---learningstudio-sis-in-c-sharp\Documentation\AutoDocs\Help\Working\Output\Website\icons\xna.gif
C:\Program Files (x86)\EWSoftware\Sandcastle Help File Builder\PresentationStyles\VS2013\scripts\branding.js -&gt; Z:\PDN\library---learningstudio-sis-in-c-sharp\Documentation\AutoDocs\Help\Working\Output\Website\scripts\branding.js
C:\Program Files (x86)\EWSoftware\Sandcastle Help File Builder\PresentationStyles\VS2013\styles\branding-cs-CZ.css -&gt; Z:\PDN\library---learningstudio-sis-in-c-sharp\Documentation\AutoDocs\Help\Working\Output\Website\styles\branding-cs-CZ.css
C:\Program Files (x86)\EWSoftware\Sandcastle Help File Builder\PresentationStyles\VS2013\styles\branding-de-DE.css -&gt; Z:\PDN\library---learningstudio-sis-in-c-sharp\Documentation\AutoDocs\Help\Working\Output\Website\styles\branding-de-DE.css
C:\Program Files (x86)\EWSoftware\Sandcastle Help File Builder\PresentationStyles\VS2013\styles\branding-en-US.css -&gt; Z:\PDN\library---learningstudio-sis-in-c-sharp\Documentation\AutoDocs\Help\Working\Output\Website\styles\branding-en-US.css
C:\Program Files (x86)\EWSoftware\Sandcastle Help File Builder\PresentationStyles\VS2013\styles\branding-es-ES.css -&gt; Z:\PDN\library---learningstudio-sis-in-c-sharp\Documentation\AutoDocs\Help\Working\Output\Website\styles\branding-es-ES.css
C:\Program Files (x86)\EWSoftware\Sandcastle Help File Builder\PresentationStyles\VS2013\styles\branding-fr-FR.css -&gt; Z:\PDN\library---learningstudio-sis-in-c-sharp\Documentation\AutoDocs\Help\Working\Output\Website\styles\branding-fr-FR.css
C:\Program Files (x86)\EWSoftware\Sandcastle Help File Builder\PresentationStyles\VS2013\styles\branding-Help1.css -&gt; Z:\PDN\library---learningstudio-sis-in-c-sharp\Documentation\AutoDocs\Help\Working\Output\Website\styles\branding-Help1.css
C:\Program Files (x86)\EWSoftware\Sandcastle Help File Builder\PresentationStyles\VS2013\styles\branding-Help2.css -&gt; Z:\PDN\library---learningstudio-sis-in-c-sharp\Documentation\AutoDocs\Help\Working\Output\Website\styles\branding-Help2.css
C:\Program Files (x86)\EWSoftware\Sandcastle Help File Builder\PresentationStyles\VS2013\styles\branding-HelpViewer.css -&gt; Z:\PDN\library---learningstudio-sis-in-c-sharp\Documentation\AutoDocs\Help\Working\Output\Website\styles\branding-HelpViewer.css
C:\Program Files (x86)\EWSoftware\Sandcastle Help File Builder\PresentationStyles\VS2013\styles\branding-it-IT.css -&gt; Z:\PDN\library---learningstudio-sis-in-c-sharp\Documentation\AutoDocs\Help\Working\Output\Website\styles\branding-it-IT.css
C:\Program Files (x86)\EWSoftware\Sandcastle Help File Builder\PresentationStyles\VS2013\styles\branding-ja-JP.css -&gt; Z:\PDN\library---learningstudio-sis-in-c-sharp\Documentation\AutoDocs\Help\Working\Output\Website\styles\branding-ja-JP.css
C:\Program Files (x86)\EWSoftware\Sandcastle Help File Builder\PresentationStyles\VS2013\styles\branding-ko-KR.css -&gt; Z:\PDN\library---learningstudio-sis-in-c-sharp\Documentation\AutoDocs\Help\Working\Output\Website\styles\branding-ko-KR.css
C:\Program Files (x86)\EWSoftware\Sandcastle Help File Builder\PresentationStyles\VS2013\styles\branding-pl-PL.css -&gt; Z:\PDN\library---learningstudio-sis-in-c-sharp\Documentation\AutoDocs\Help\Working\Output\Website\styles\branding-pl-PL.css
C:\Program Files (x86)\EWSoftware\Sandcastle Help File Builder\PresentationStyles\VS2013\styles\branding-pt-BR.css -&gt; Z:\PDN\library---learningstudio-sis-in-c-sharp\Documentation\AutoDocs\Help\Working\Output\Website\styles\branding-pt-BR.css
C:\Program Files (x86)\EWSoftware\Sandcastle Help File Builder\PresentationStyles\VS2013\styles\branding-ru-RU.css -&gt; Z:\PDN\library---learningstudio-sis-in-c-sharp\Documentation\AutoDocs\Help\Working\Output\Website\styles\branding-ru-RU.css
C:\Program Files (x86)\EWSoftware\Sandcastle Help File Builder\PresentationStyles\VS2013\styles\branding-tr-TR.css -&gt; Z:\PDN\library---learningstudio-sis-in-c-sharp\Documentation\AutoDocs\Help\Working\Output\Website\styles\branding-tr-TR.css
C:\Program Files (x86)\EWSoftware\Sandcastle Help File Builder\PresentationStyles\VS2013\styles\branding-Website.css -&gt; Z:\PDN\library---learningstudio-sis-in-c-sharp\Documentation\AutoDocs\Help\Working\Output\Website\styles\branding-Website.css
C:\Program Files (x86)\EWSoftware\Sandcastle Help File Builder\PresentationStyles\VS2013\styles\branding-zh-CN.css -&gt; Z:\PDN\library---learningstudio-sis-in-c-sharp\Documentation\AutoDocs\Help\Working\Output\Website\styles\branding-zh-CN.css
C:\Program Files (x86)\EWSoftware\Sandcastle Help File Builder\PresentationStyles\VS2013\styles\branding-zh-TW.css -&gt; Z:\PDN\library---learningstudio-sis-in-c-sharp\Documentation\AutoDocs\Help\Working\Output\Website\styles\branding-zh-TW.css
C:\Program Files (x86)\EWSoftware\Sandcastle Help File Builder\PresentationStyles\VS2013\styles\branding.css -&gt; Z:\PDN\library---learningstudio-sis-in-c-sharp\Documentation\AutoDocs\Help\Working\Output\Website\styles\branding.css
C:\Program Files (x86)\EWSoftware\Sandcastle Help File Builder\PresentationStyles\VS2013\Web\index.html -&gt; Z:\PDN\library---learningstudio-sis-in-c-sharp\Documentation\AutoDocs\Help\Working\Output\Website\index.html
C:\Program Files (x86)\EWSoftware\Sandcastle Help File Builder\PresentationStyles\VS2013\Web\search.html -&gt; Z:\PDN\library---learningstudio-sis-in-c-sharp\Documentation\AutoDocs\Help\Working\Output\Website\search.html
C:\Program Files (x86)\EWSoftware\Sandcastle Help File Builder\PresentationStyles\VS2013\Web\SearchHelp.aspx -&gt; Z:\PDN\library---learningstudio-sis-in-c-sharp\Documentation\AutoDocs\Help\Working\Output\Website\SearchHelp.aspx
C:\Program Files (x86)\EWSoftware\Sandcastle Help File Builder\PresentationStyles\VS2013\Web\SearchHelp.inc.php -&gt; Z:\PDN\library---learningstudio-sis-in-c-sharp\Documentation\AutoDocs\Help\Working\Output\Website\SearchHelp.inc.php
C:\Program Files (x86)\EWSoftware\Sandcastle Help File Builder\PresentationStyles\VS2013\Web\SearchHelp.php -&gt; Z:\PDN\library---learningstudio-sis-in-c-sharp\Documentation\AutoDocs\Help\Working\Output\Website\SearchHelp.php
C:\Program Files (x86)\EWSoftware\Sandcastle Help File Builder\PresentationStyles\VS2013\Web\Web.Config -&gt; Z:\PDN\library---learningstudio-sis-in-c-sharp\Documentation\AutoDocs\Help\Working\Output\Website\Web.Config
C:\Program Files (x86)\EWSoftware\Sandcastle Help File Builder\PresentationStyles\VS2013\Web\icons\Search.png -&gt; Z:\PDN\library---learningstudio-sis-in-c-sharp\Documentation\AutoDocs\Help\Working\Output\Website\icons\Search.png
C:\Program Files (x86)\EWSoftware\Sandcastle Help File Builder\PresentationStyles\VS2013\Web\icons\TocClose.gif -&gt; Z:\PDN\library---learningstudio-sis-in-c-sharp\Documentation\AutoDocs\Help\Working\Output\Website\icons\TocClose.gif
C:\Program Files (x86)\EWSoftware\Sandcastle Help File Builder\PresentationStyles\VS2013\Web\icons\TocCollapsed.gif -&gt; Z:\PDN\library---learningstudio-sis-in-c-sharp\Documentation\AutoDocs\Help\Working\Output\Website\icons\TocCollapsed.gif
C:\Program Files (x86)\EWSoftware\Sandcastle Help File Builder\PresentationStyles\VS2013\Web\icons\TocExpanded.gif -&gt; Z:\PDN\library---learningstudio-sis-in-c-sharp\Documentation\AutoDocs\Help\Working\Output\Website\icons\TocExpanded.gif
C:\Program Files (x86)\EWSoftware\Sandcastle Help File Builder\PresentationStyles\VS2013\Web\icons\TocOpen.gif -&gt; Z:\PDN\library---learningstudio-sis-in-c-sharp\Documentation\AutoDocs\Help\Working\Output\Website\icons\TocOpen.gif
C:\Program Files (x86)\EWSoftware\Sandcastle Help File Builder\PresentationStyles\VS2013\Web\scripts\branding-Website.js -&gt; Z:\PDN\library---learningstudio-sis-in-c-sharp\Documentation\AutoDocs\Help\Working\Output\Website\scripts\branding-Website.js
C:\Program Files (x86)\EWSoftware\Sandcastle Help File Builder\PresentationStyles\VS2013\Web\scripts\jquery-1.11.0.min.js -&gt; Z:\PDN\library---learningstudio-sis-in-c-sharp\Documentation\AutoDocs\Help\Working\Output\Website\scripts\jquery-1.11.0.min.js
    Last step completed in 00:00:01.3104
</buildStep>
<buildStep step="GenerateHelpFormatTableOfContents">
Generating website table of contents file...
    Last step completed in 00:00:00.0000
</buildStep>
<buildStep step="GenerateFullTextIndex">
Generating full-text index for the website...

<plugIn name="Lightweight Website Style" behavior="After" priority="1000">
Adding lightweight search and TOC elements to each topic...
</plugIn>    Last step completed in 00:00:03.1200
</buildStep>
<buildStep step="CopyingWebsiteFiles">
Copying website files to output folder...

Copied 100 files
Copied 200 files
Copied 300 files
Copied 400 files
Copied 500 files
Copied 600 files
Copied 700 files
Copied 800 files
Copied 900 files
Copied 1000 files
Copied 1100 files
Copied 1200 files
Copied 1300 files
Copied 1342 files for the website content
    Last step completed in 00:00:03.6036
</buildStep>
<buildStep step="CleanIntermediates">
Removing intermediate files...
    Last step completed in 00:00:01.0296
</buildStep>
<buildStep step="Completed">

Build completed successfully at 06/30/2015 09:44 AM.  Total time: 00:01:15.1296

</buildStep>
</shfbBuild>
